# JRE version: Java(TM) SE Runtime Environment (17.0.1+12) (build 17.0.1+12-LTS-39)
# Java VM: Java HotSpot(TM) 64-Bit Server VM (17.0.1+12-LTS-39, mixed mode, sharing, tiered, compressed oops, compressed class ptrs, g1 gc, bsd-aarch64)
GC Precious Log:
 CPUs: 8 total, 8 available
 Memory: 8192M
 Large Page Support: Disabled
 NUMA Support: Disabled
 Compressed Oops: Enabled (Zero based)
 Heap Region Size: 1M
 Heap Min Capacity: 8M
 Heap Initial Capacity: 128M
 Heap Max Capacity: 2G
 Pre-touch: Disabled
 Parallel Workers: 8
 Concurrent Workers: 2
 Concurrent Refinement Workers: 8
 Periodic GC: Disabled
Heap:
 garbage-first heap   total 58368K, used 19443K [0x0000000780000000, 0x0000000800000000)
  region size 1024K, 2 young (2048K), 1 survivors (1024K)
 Metaspace       used 23334K, committed 23552K, reserved 1073152K
  class space    used 3206K, committed 3328K, reserved 1048576K
GC Heap History (10 events):
Event: 0.401 GC heap before
{Heap before GC invocations=0 (full 0):
 garbage-first heap   total 133120K, used 23520K [0x0000000780000000, 0x0000000800000000)
  region size 1024K, 23 young (23552K), 0 survivors (0K)
 Metaspace       used 5291K, committed 5440K, reserved 1056768K
  class space    used 663K, committed 704K, reserved 1048576K
}
Event: 0.403 GC heap after
{Heap after GC invocations=1 (full 0):
 garbage-first heap   total 133120K, used 3551K [0x0000000780000000, 0x0000000800000000)
  region size 1024K, 3 young (3072K), 3 survivors (3072K)
 Metaspace       used 5291K, committed 5440K, reserved 1056768K
  class space    used 663K, committed 704K, reserved 1048576K
}
Event: 0.874 GC heap before
{Heap before GC invocations=1 (full 0):
 garbage-first heap   total 133120K, used 47583K [0x0000000780000000, 0x0000000800000000)
  region size 1024K, 45 young (46080K), 3 survivors (3072K)
 Metaspace       used 17079K, committed 17344K, reserved 1064960K
  class space    used 2634K, committed 2752K, reserved 1048576K
}
Event: 0.878 GC heap after
{Heap after GC invocations=2 (full 0):
 garbage-first heap   total 133120K, used 11360K [0x0000000780000000, 0x0000000800000000)
  region size 1024K, 6 young (6144K), 6 survivors (6144K)
 Metaspace       used 17079K, committed 17344K, reserved 1064960K
  class space    used 2634K, committed 2752K, reserved 1048576K
}
Event: 3.742 GC heap before
{Heap before GC invocations=2 (full 0):
 garbage-first heap   total 133120K, used 62560K [0x0000000780000000, 0x0000000800000000)
  region size 1024K, 25 young (25600K), 6 survivors (6144K)
 Metaspace       used 21235K, committed 21504K, reserved 1073152K
  class space    used 3045K, committed 3200K, reserved 1048576K
}
Event: 3.748 GC heap after
{Heap after GC invocations=3 (full 0):
 garbage-first heap   total 133120K, used 14201K [0x0000000780000000, 0x0000000800000000)
  region size 1024K, 6 young (6144K), 6 survivors (6144K)
 Metaspace       used 21235K, committed 21504K, reserved 1073152K
  class space    used 3045K, committed 3200K, reserved 1048576K
}
Event: 20.619 GC heap before
{Heap before GC invocations=4 (full 0):
 garbage-first heap   total 58368K, used 42873K [0x0000000780000000, 0x0000000800000000)
  region size 1024K, 34 young (34816K), 6 survivors (6144K)
 Metaspace       used 23192K, committed 23424K, reserved 1073152K
  class space    used 3205K, committed 3328K, reserved 1048576K
}
Event: 20.627 GC heap after
{Heap after GC invocations=5 (full 0):
 garbage-first heap   total 58368K, used 18554K [0x0000000780000000, 0x0000000800000000)
  region size 1024K, 5 young (5120K), 5 survivors (5120K)
 Metaspace       used 23192K, committed 23424K, reserved 1073152K
  class space    used 3205K, committed 3328K, reserved 1048576K
}
Event: 26.015 GC heap before
{Heap before GC invocations=5 (full 0):
 garbage-first heap   total 58368K, used 19578K [0x0000000780000000, 0x0000000800000000)
  region size 1024K, 6 young (6144K), 5 survivors (5120K)
 Metaspace       used 23327K, committed 23552K, reserved 1073152K
  class space    used 3206K, committed 3328K, reserved 1048576K
}
Event: 26.019 GC heap after
{Heap after GC invocations=6 (full 0):
 garbage-first heap   total 58368K, used 19443K [0x0000000780000000, 0x0000000800000000)
  region size 1024K, 1 young (1024K), 1 survivors (1024K)
 Metaspace       used 23327K, committed 23552K, reserved 1073152K
  class space    used 3206K, committed 3328K, reserved 1048576K
}

