# JRE version: Java(TM) SE Runtime Environment (17.0.1+12) (build 17.0.1+12-LTS-39)
# Java VM: Java HotSpot(TM) 64-Bit Server VM (17.0.1+12-LTS-39, mixed mode, sharing, tiered, compressed oops, compressed class ptrs, g1 gc, bsd-aarch64)
GC Precious Log:
 CPUs: 8 total, 8 available
 Memory: 8192M
 Large Page Support: Disabled
 NUMA Support: Disabled
 Compressed Oops: Enabled (Zero based)
 Heap Region Size: 1M
 Heap Min Capacity: 8M
 Heap Initial Capacity: 128M
 Heap Max Capacity: 2G
 Pre-touch: Disabled
 Parallel Workers: 8
 Concurrent Workers: 2
 Concurrent Refinement Workers: 8
 Periodic GC: Disabled
Heap:
 garbage-first heap   total 58368K, used 19579K [0x0000000780000000, 0x0000000800000000)
  region size 1024K, 4 young (4096K), 1 survivors (1024K)
 Metaspace       used 23524K, committed 23872K, reserved 1073152K
  class space    used 3215K, committed 3392K, reserved 1048576K
GC Heap History (10 events):
Event: 0.409 GC heap before
{Heap before GC invocations=0 (full 0):
 garbage-first heap   total 133120K, used 23520K [0x0000000780000000, 0x0000000800000000)
  region size 1024K, 23 young (23552K), 0 survivors (0K)
 Metaspace       used 5473K, committed 5696K, reserved 1056768K
  class space    used 687K, committed 768K, reserved 1048576K
}
Event: 0.414 GC heap after
{Heap after GC invocations=1 (full 0):
 garbage-first heap   total 133120K, used 3645K [0x0000000780000000, 0x0000000800000000)
  region size 1024K, 3 young (3072K), 3 survivors (3072K)
 Metaspace       used 5473K, committed 5696K, reserved 1056768K
  class space    used 687K, committed 768K, reserved 1048576K
}
Event: 0.876 GC heap before
{Heap before GC invocations=1 (full 0):
 garbage-first heap   total 133120K, used 43581K [0x0000000780000000, 0x0000000800000000)
  region size 1024K, 43 young (44032K), 3 survivors (3072K)
 Metaspace       used 16908K, committed 17088K, reserved 1064960K
  class space    used 2616K, committed 2688K, reserved 1048576K
}
Event: 0.883 GC heap after
{Heap after GC invocations=2 (full 0):
 garbage-first heap   total 133120K, used 9100K [0x0000000780000000, 0x0000000800000000)
  region size 1024K, 6 young (6144K), 6 survivors (6144K)
 Metaspace       used 16908K, committed 17088K, reserved 1064960K
  class space    used 2616K, committed 2688K, reserved 1048576K
}
Event: 3.443 GC heap before
{Heap before GC invocations=2 (full 0):
 garbage-first heap   total 133120K, used 68492K [0x0000000780000000, 0x0000000800000000)
  region size 1024K, 26 young (26624K), 6 survivors (6144K)
 Metaspace       used 21215K, committed 21504K, reserved 1073152K
  class space    used 3044K, committed 3200K, reserved 1048576K
}
Event: 3.450 GC heap after
{Heap after GC invocations=3 (full 0):
 garbage-first heap   total 133120K, used 14482K [0x0000000780000000, 0x0000000800000000)
  region size 1024K, 3 young (3072K), 3 survivors (3072K)
 Metaspace       used 21215K, committed 21504K, reserved 1073152K
  class space    used 3044K, committed 3200K, reserved 1048576K
}
Event: 20.628 GC heap before
{Heap before GC invocations=4 (full 0):
 garbage-first heap   total 58368K, used 44178K [0x0000000780000000, 0x0000000800000000)
  region size 1024K, 33 young (33792K), 3 survivors (3072K)
 Metaspace       used 23453K, committed 23808K, reserved 1073152K
  class space    used 3215K, committed 3392K, reserved 1048576K
}
Event: 20.632 GC heap after
{Heap after GC invocations=5 (full 0):
 garbage-first heap   total 58368K, used 18067K [0x0000000780000000, 0x0000000800000000)
  region size 1024K, 6 young (6144K), 6 survivors (6144K)
 Metaspace       used 23453K, committed 23808K, reserved 1073152K
  class space    used 3215K, committed 3392K, reserved 1048576K
}
Event: 20.635 GC heap before
{Heap before GC invocations=5 (full 0):
 garbage-first heap   total 58368K, used 19091K [0x0000000780000000, 0x0000000800000000)
  region size 1024K, 7 young (7168K), 6 survivors (6144K)
 Metaspace       used 23463K, committed 23808K, reserved 1073152K
  class space    used 3215K, committed 3392K, reserved 1048576K
}
Event: 20.637 GC heap after
{Heap after GC invocations=6 (full 0):
 garbage-first heap   total 58368K, used 18555K [0x0000000780000000, 0x0000000800000000)
  region size 1024K, 1 young (1024K), 1 survivors (1024K)
 Metaspace       used 23463K, committed 23808K, reserved 1073152K
  class space    used 3215K, committed 3392K, reserved 1048576K
}

