# JRE version: Java(TM) SE Runtime Environment (17.0.1+12) (build 17.0.1+12-LTS-39)
# Java VM: Java HotSpot(TM) 64-Bit Server VM (17.0.1+12-LTS-39, mixed mode, sharing, tiered, compressed oops, compressed class ptrs, g1 gc, bsd-aarch64)
GC Precious Log:
 CPUs: 8 total, 8 available
 Memory: 8192M
 Large Page Support: Disabled
 NUMA Support: Disabled
 Compressed Oops: Enabled (Zero based)
 Heap Region Size: 1M
 Heap Min Capacity: 8M
 Heap Initial Capacity: 128M
 Heap Max Capacity: 2G
 Pre-touch: Disabled
 Parallel Workers: 8
 Concurrent Workers: 2
 Concurrent Refinement Workers: 8
 Periodic GC: Disabled
Heap:
 garbage-first heap   total 78848K, used 35885K [0x0000000780000000, 0x0000000800000000)
  region size 1024K, 16 young (16384K), 1 survivors (1024K)
 Metaspace       used 23288K, committed 23552K, reserved 1073152K
  class space    used 3148K, committed 3264K, reserved 1048576K
GC Heap History (10 events):
Event: 0.430 GC heap before
{Heap before GC invocations=0 (full 0):
 garbage-first heap   total 133120K, used 23520K [0x0000000780000000, 0x0000000800000000)
  region size 1024K, 23 young (23552K), 0 survivors (0K)
 Metaspace       used 5493K, committed 5696K, reserved 1056768K
  class space    used 690K, committed 768K, reserved 1048576K
}
Event: 0.432 GC heap after
{Heap after GC invocations=1 (full 0):
 garbage-first heap   total 133120K, used 3610K [0x0000000780000000, 0x0000000800000000)
  region size 1024K, 3 young (3072K), 3 survivors (3072K)
 Metaspace       used 5493K, committed 5696K, reserved 1056768K
  class space    used 690K, committed 768K, reserved 1048576K
}
Event: 0.901 GC heap before
{Heap before GC invocations=1 (full 0):
 garbage-first heap   total 133120K, used 46618K [0x0000000780000000, 0x0000000800000000)
  region size 1024K, 45 young (46080K), 3 survivors (3072K)
 Metaspace       used 16491K, committed 16768K, reserved 1064960K
  class space    used 2556K, committed 2688K, reserved 1048576K
}
Event: 0.908 GC heap after
{Heap after GC invocations=2 (full 0):
 garbage-first heap   total 133120K, used 10138K [0x0000000780000000, 0x0000000800000000)
  region size 1024K, 6 young (6144K), 6 survivors (6144K)
 Metaspace       used 16491K, committed 16768K, reserved 1064960K
  class space    used 2556K, committed 2688K, reserved 1048576K
}
Event: 7.639 GC heap before
{Heap before GC invocations=2 (full 0):
 garbage-first heap   total 133120K, used 71578K [0x0000000780000000, 0x0000000800000000)
  region size 1024K, 30 young (30720K), 6 survivors (6144K)
 Metaspace       used 21236K, committed 21504K, reserved 1073152K
  class space    used 2989K, committed 3136K, reserved 1048576K
}
Event: 7.643 GC heap after
{Heap after GC invocations=3 (full 0):
 garbage-first heap   total 133120K, used 19389K [0x0000000780000000, 0x0000000800000000)
  region size 1024K, 3 young (3072K), 3 survivors (3072K)
 Metaspace       used 21236K, committed 21504K, reserved 1073152K
  class space    used 2989K, committed 3136K, reserved 1048576K
}
Event: 90.689 GC heap before
{Heap before GC invocations=4 (full 0):
 garbage-first heap   total 78848K, used 60349K [0x0000000780000000, 0x0000000800000000)
  region size 1024K, 44 young (45056K), 3 survivors (3072K)
 Metaspace       used 23192K, committed 23488K, reserved 1073152K
  class space    used 3148K, committed 3264K, reserved 1048576K
}
Event: 90.694 GC heap after
{Heap after GC invocations=5 (full 0):
 garbage-first heap   total 78848K, used 21908K [0x0000000780000000, 0x0000000800000000)
  region size 1024K, 6 young (6144K), 6 survivors (6144K)
 Metaspace       used 23192K, committed 23488K, reserved 1073152K
  class space    used 3148K, committed 3264K, reserved 1048576K
}
Event: 90.696 GC heap before
{Heap before GC invocations=5 (full 0):
 garbage-first heap   total 78848K, used 22932K [0x0000000780000000, 0x0000000800000000)
  region size 1024K, 7 young (7168K), 6 survivors (6144K)
 Metaspace       used 23197K, committed 23488K, reserved 1073152K
  class space    used 3148K, committed 3264K, reserved 1048576K
}
Event: 90.700 GC heap after
{Heap after GC invocations=6 (full 0):
 garbage-first heap   total 78848K, used 22573K [0x0000000780000000, 0x0000000800000000)
  region size 1024K, 1 young (1024K), 1 survivors (1024K)
 Metaspace       used 23197K, committed 23488K, reserved 1073152K
  class space    used 3148K, committed 3264K, reserved 1048576K
}

